*** Starting uWSGI 2.0.17.1 (64bit) on [Thu Aug 30 07:09:52 2018] ***
compiled with version: 5.4.0 20160609 on 30 August 2018 05:41:09
os: Linux-4.4.0-127-generic #153-Ubuntu SMP Sat May 19 10:58:46 UTC 2018
nodename: vultr.guest
machine: x86_64
clock source: unix
detected number of CPU cores: 1
current working directory: /root/MxOnline
writing pidfile to uwsgi.pid
detected binary path: /root/Envs/mxonline/bin/uwsgi
!!! no internal routing support, rebuild with pcre support !!!
uWSGI running as root, you can use --uid/--gid/--chroot options
*** WARNING: you are running uWSGI as root !!! (use the --uid flag) *** 
chdir() to /home/MxOnlie
chdir(): No such file or directory [core/uwsgi.c line 2631]
*** Starting uWSGI 2.0.17.1 (64bit) on [Thu Aug 30 07:10:06 2018] ***
compiled with version: 5.4.0 20160609 on 30 August 2018 05:41:09
os: Linux-4.4.0-127-generic #153-Ubuntu SMP Sat May 19 10:58:46 UTC 2018
nodename: vultr.guest
machine: x86_64
clock source: unix
detected number of CPU cores: 1
current working directory: /root/MxOnline
writing pidfile to uwsgi.pid
detected binary path: /root/Envs/mxonline/bin/uwsgi
!!! no internal routing support, rebuild with pcre support !!!
uWSGI running as root, you can use --uid/--gid/--chroot options
*** WARNING: you are running uWSGI as root !!! (use the --uid flag) *** 
chdir() to /home/MxOnlie
chdir(): No such file or directory [core/uwsgi.c line 2631]
*** Starting uWSGI 2.0.17.1 (64bit) on [Thu Aug 30 07:11:15 2018] ***
compiled with version: 5.4.0 20160609 on 30 August 2018 05:41:09
os: Linux-4.4.0-127-generic #153-Ubuntu SMP Sat May 19 10:58:46 UTC 2018
nodename: vultr.guest
machine: x86_64
clock source: unix
detected number of CPU cores: 1
current working directory: /root/MxOnline
writing pidfile to uwsgi.pid
detected binary path: /root/Envs/mxonline/bin/uwsgi
!!! no internal routing support, rebuild with pcre support !!!
uWSGI running as root, you can use --uid/--gid/--chroot options
*** WARNING: you are running uWSGI as root !!! (use the --uid flag) *** 
chdir() to /home/MxOnlie
chdir(): No such file or directory [core/uwsgi.c line 2631]
*** Starting uWSGI 2.0.17.1 (64bit) on [Thu Aug 30 07:12:15 2018] ***
compiled with version: 5.4.0 20160609 on 30 August 2018 05:41:09
os: Linux-4.4.0-127-generic #153-Ubuntu SMP Sat May 19 10:58:46 UTC 2018
nodename: vultr.guest
machine: x86_64
clock source: unix
detected number of CPU cores: 1
current working directory: /root/MxOnline
writing pidfile to uwsgi.pid
detected binary path: /root/Envs/mxonline/bin/uwsgi
!!! no internal routing support, rebuild with pcre support !!!
uWSGI running as root, you can use --uid/--gid/--chroot options
*** WARNING: you are running uWSGI as root !!! (use the --uid flag) *** 
chdir() to /root/MxOnline
your processes number limit is 1793
your memory page size is 4096 bytes
detected max file descriptor number: 1024
lock engine: pthread robust mutexes
thunder lock: disabled (you can enable it with --thunder-lock)
uwsgi socket 0 bound to TCP address 127.0.0.1:8000 fd 3
uWSGI running as root, you can use --uid/--gid/--chroot options
*** WARNING: you are running uWSGI as root !!! (use the --uid flag) *** 
Python version: 3.5.2 (default, Nov 23 2017, 16:37:01)  [GCC 5.4.0 20160609]
Python main interpreter initialized at 0x1f3a890
uWSGI running as root, you can use --uid/--gid/--chroot options
*** WARNING: you are running uWSGI as root !!! (use the --uid flag) *** 
python threads support enabled
your server socket listen backlog is limited to 100 connections
your mercy for graceful operations on workers is 60 seconds
mapped 416880 bytes (407 KB) for 8 cores
*** Operational MODE: preforking+threaded ***
failed to open python file MxOnlie/wsgi.py
unable to load app 0 (mountpoint='') (callable not found or import error)
*** no app loaded. going in full dynamic mode ***
uWSGI running as root, you can use --uid/--gid/--chroot options
*** WARNING: you are running uWSGI as root !!! (use the --uid flag) *** 
*** uWSGI is running in multiple interpreter mode ***
spawned uWSGI master process (pid: 13827)
spawned uWSGI worker 1 (pid: 13828, cores: 2)
spawned uWSGI worker 2 (pid: 13829, cores: 2)
spawned uWSGI worker 3 (pid: 13830, cores: 2)
spawned uWSGI worker 4 (pid: 13831, cores: 2)
SIGINT/SIGQUIT received...killing workers...
worker 1 buried after 1 seconds
worker 2 buried after 1 seconds
worker 3 buried after 1 seconds
worker 4 buried after 1 seconds
goodbye to uWSGI.
*** Starting uWSGI 2.0.17.1 (64bit) on [Thu Aug 30 07:27:39 2018] ***
compiled with version: 5.4.0 20160609 on 30 August 2018 05:41:09
os: Linux-4.4.0-127-generic #153-Ubuntu SMP Sat May 19 10:58:46 UTC 2018
nodename: vultr.guest
machine: x86_64
clock source: unix
detected number of CPU cores: 1
current working directory: /root/MxOnline
writing pidfile to uwsgi.pid
detected binary path: /root/Envs/mxonline/bin/uwsgi
!!! no internal routing support, rebuild with pcre support !!!
uWSGI running as root, you can use --uid/--gid/--chroot options
*** WARNING: you are running uWSGI as root !!! (use the --uid flag) *** 
chdir() to /root/MxOnline
your processes number limit is 1793
your memory page size is 4096 bytes
detected max file descriptor number: 1024
lock engine: pthread robust mutexes
thunder lock: disabled (you can enable it with --thunder-lock)
uwsgi socket 0 bound to TCP address 127.0.0.1:8000 fd 3
uWSGI running as root, you can use --uid/--gid/--chroot options
*** WARNING: you are running uWSGI as root !!! (use the --uid flag) *** 
Python version: 3.5.2 (default, Nov 23 2017, 16:37:01)  [GCC 5.4.0 20160609]
Python main interpreter initialized at 0x1295890
uWSGI running as root, you can use --uid/--gid/--chroot options
*** WARNING: you are running uWSGI as root !!! (use the --uid flag) *** 
python threads support enabled
your server socket listen backlog is limited to 100 connections
your mercy for graceful operations on workers is 60 seconds
mapped 416880 bytes (407 KB) for 8 cores
*** Operational MODE: preforking+threaded ***
failed to open python file MxOnlie/wsgi.py
unable to load app 0 (mountpoint='') (callable not found or import error)
*** no app loaded. going in full dynamic mode ***
uWSGI running as root, you can use --uid/--gid/--chroot options
*** WARNING: you are running uWSGI as root !!! (use the --uid flag) *** 
spawned uWSGI master process (pid: 13989)
spawned uWSGI worker 1 (pid: 13990, cores: 2)
spawned uWSGI worker 2 (pid: 13991, cores: 2)
spawned uWSGI worker 3 (pid: 13992, cores: 2)
spawned uWSGI worker 4 (pid: 13993, cores: 2)
*** Starting uWSGI 2.0.17.1 (64bit) on [Thu Aug 30 07:35:54 2018] ***
compiled with version: 5.4.0 20160609 on 30 August 2018 05:41:09
os: Linux-4.4.0-127-generic #153-Ubuntu SMP Sat May 19 10:58:46 UTC 2018
nodename: vultr.guest
machine: x86_64
clock source: unix
detected number of CPU cores: 1
current working directory: /root/MxOnline
writing pidfile to uwsgi.pid
detected binary path: /root/Envs/mxonline/bin/uwsgi
!!! no internal routing support, rebuild with pcre support !!!
uWSGI running as root, you can use --uid/--gid/--chroot options
*** WARNING: you are running uWSGI as root !!! (use the --uid flag) *** 
chdir() to /root/MxOnline
your processes number limit is 1793
your memory page size is 4096 bytes
detected max file descriptor number: 1024
lock engine: pthread robust mutexes
thunder lock: disabled (you can enable it with --thunder-lock)
probably another instance of uWSGI is running on the same address (127.0.0.1:8000).
bind(): Address already in use [core/socket.c line 769]
Thu Aug 30 08:38:00 2018 - uWSGI worker 4 screams: UAAAAAAH my master disconnected: i will kill myself !!!
Thu Aug 30 08:38:00 2018 - uWSGI worker 2 screams: UAAAAAAH my master disconnected: i will kill myself !!!
Thu Aug 30 08:38:00 2018 - uWSGI worker 3 screams: UAAAAAAH my master disconnected: i will kill myself !!!
Thu Aug 30 08:38:00 2018 - uWSGI worker 1 screams: UAAAAAAH my master disconnected: i will kill myself !!!
Thu Aug 30 08:38:00 2018 - uWSGI worker 4 screams: UAAAAAAH my master disconnected: i will kill myself !!!
Thu Aug 30 08:38:00 2018 - uWSGI worker 2 screams: UAAAAAAH my master disconnected: i will kill myself !!!
Thu Aug 30 08:38:00 2018 - uWSGI worker 3 screams: UAAAAAAH my master disconnected: i will kill myself !!!
Thu Aug 30 08:38:00 2018 - uWSGI worker 1 screams: UAAAAAAH my master disconnected: i will kill myself !!!
*** Starting uWSGI 2.0.17.1 (64bit) on [Thu Aug 30 08:38:20 2018] ***
compiled with version: 5.4.0 20160609 on 30 August 2018 05:41:09
os: Linux-4.4.0-127-generic #153-Ubuntu SMP Sat May 19 10:58:46 UTC 2018
nodename: vultr.guest
machine: x86_64
clock source: unix
detected number of CPU cores: 1
current working directory: /root/MxOnline
writing pidfile to uwsgi.pid
detected binary path: /root/Envs/mxonline/bin/uwsgi
!!! no internal routing support, rebuild with pcre support !!!
uWSGI running as root, you can use --uid/--gid/--chroot options
*** WARNING: you are running uWSGI as root !!! (use the --uid flag) *** 
chdir() to /root/MxOnline
your processes number limit is 1793
your memory page size is 4096 bytes
detected max file descriptor number: 1024
lock engine: pthread robust mutexes
thunder lock: disabled (you can enable it with --thunder-lock)
uWSGI http bound on 127.0.01:8000 fd 4
uwsgi socket 0 bound to TCP address 127.0.0.1:46543 (port auto-assigned) fd 3
uWSGI running as root, you can use --uid/--gid/--chroot options
*** WARNING: you are running uWSGI as root !!! (use the --uid flag) *** 
Python version: 3.5.2 (default, Nov 23 2017, 16:37:01)  [GCC 5.4.0 20160609]
Python main interpreter initialized at 0x1fde9a0
uWSGI running as root, you can use --uid/--gid/--chroot options
*** WARNING: you are running uWSGI as root !!! (use the --uid flag) *** 
python threads support enabled
your server socket listen backlog is limited to 100 connections
your mercy for graceful operations on workers is 60 seconds
mapped 416880 bytes (407 KB) for 8 cores
*** Operational MODE: preforking+threaded ***
failed to open python file MxOnlie/wsgi.py
unable to load app 0 (mountpoint='') (callable not found or import error)
*** no app loaded. going in full dynamic mode ***
uWSGI running as root, you can use --uid/--gid/--chroot options
*** WARNING: you are running uWSGI as root !!! (use the --uid flag) *** 
spawned uWSGI master process (pid: 14448)
spawned uWSGI worker 1 (pid: 14449, cores: 2)
spawned uWSGI worker 2 (pid: 14450, cores: 2)
spawned uWSGI worker 3 (pid: 14451, cores: 2)
spawned uWSGI worker 4 (pid: 14452, cores: 2)
spawned uWSGI http 1 (pid: 14453)
SIGINT/SIGQUIT received...killing workers...
gateway "uWSGI http 1" has been buried (pid: 14453)
worker 1 buried after 1 seconds
worker 2 buried after 1 seconds
worker 3 buried after 1 seconds
worker 4 buried after 1 seconds
goodbye to uWSGI.
*** Starting uWSGI 2.0.17.1 (64bit) on [Thu Aug 30 09:07:09 2018] ***
compiled with version: 5.4.0 20160609 on 30 August 2018 05:41:09
os: Linux-4.4.0-127-generic #153-Ubuntu SMP Sat May 19 10:58:46 UTC 2018
nodename: vultr.guest
machine: x86_64
clock source: unix
detected number of CPU cores: 1
current working directory: /root/MxOnline
writing pidfile to uwsgi.pid
detected binary path: /root/Envs/mxonline/bin/uwsgi
!!! no internal routing support, rebuild with pcre support !!!
uWSGI running as root, you can use --uid/--gid/--chroot options
*** WARNING: you are running uWSGI as root !!! (use the --uid flag) *** 
chdir() to /root/MxOnline
your processes number limit is 1793
your memory page size is 4096 bytes
detected max file descriptor number: 1024
lock engine: pthread robust mutexes
thunder lock: disabled (you can enable it with --thunder-lock)
uwsgi socket 0 bound to TCP address 127.0.0.1:8000 fd 3
uWSGI running as root, you can use --uid/--gid/--chroot options
*** WARNING: you are running uWSGI as root !!! (use the --uid flag) *** 
Python version: 3.5.2 (default, Nov 23 2017, 16:37:01)  [GCC 5.4.0 20160609]
Python main interpreter initialized at 0x21088b0
uWSGI running as root, you can use --uid/--gid/--chroot options
*** WARNING: you are running uWSGI as root !!! (use the --uid flag) *** 
python threads support enabled
your server socket listen backlog is limited to 100 connections
your mercy for graceful operations on workers is 60 seconds
mapped 416880 bytes (407 KB) for 8 cores
*** Operational MODE: preforking+threaded ***
failed to open python file MxOnlie/wsgi.py
unable to load app 0 (mountpoint='') (callable not found or import error)
*** no app loaded. going in full dynamic mode ***
uWSGI running as root, you can use --uid/--gid/--chroot options
*** WARNING: you are running uWSGI as root !!! (use the --uid flag) *** 
*** uWSGI is running in multiple interpreter mode ***
spawned uWSGI master process (pid: 14869)
spawned uWSGI worker 1 (pid: 14870, cores: 2)
spawned uWSGI worker 2 (pid: 14871, cores: 2)
spawned uWSGI worker 3 (pid: 14872, cores: 2)
spawned uWSGI worker 4 (pid: 14873, cores: 2)
--- no python application found, check your startup logs for errors ---
[pid: 14872|app: -1|req: -1/1] 113.206.182.155 () {42 vars in 708 bytes} [Thu Aug 30 09:07:28 2018] GET / => generated 21 bytes in 0 msecs (HTTP/1.1 500) 2 headers in 83 bytes (0 switches on core 0)
--- no python application found, check your startup logs for errors ---
[pid: 14873|app: -1|req: -1/2] 113.206.182.155 () {42 vars in 708 bytes} [Thu Aug 30 09:07:32 2018] GET / => generated 21 bytes in 0 msecs (HTTP/1.1 500) 2 headers in 83 bytes (0 switches on core 0)
--- no python application found, check your startup logs for errors ---
[pid: 14872|app: -1|req: -1/3] 113.206.182.155 () {42 vars in 708 bytes} [Thu Aug 30 09:07:35 2018] GET / => generated 21 bytes in 0 msecs (HTTP/1.1 500) 2 headers in 83 bytes (0 switches on core 0)
--- no python application found, check your startup logs for errors ---
[pid: 14872|app: -1|req: -1/4] 113.206.182.155 () {42 vars in 708 bytes} [Thu Aug 30 09:07:36 2018] GET / => generated 21 bytes in 0 msecs (HTTP/1.1 500) 2 headers in 83 bytes (0 switches on core 0)
--- no python application found, check your startup logs for errors ---
[pid: 14872|app: -1|req: -1/5] 113.206.182.155 () {42 vars in 708 bytes} [Thu Aug 30 09:07:39 2018] GET / => generated 21 bytes in 0 msecs (HTTP/1.1 500) 2 headers in 83 bytes (0 switches on core 0)
--- no python application found, check your startup logs for errors ---
[pid: 14872|app: -1|req: -1/6] 113.206.182.155 () {44 vars in 730 bytes} [Thu Aug 30 09:07:47 2018] GET / => generated 21 bytes in 0 msecs (HTTP/1.1 500) 2 headers in 83 bytes (0 switches on core 0)
--- no python application found, check your startup logs for errors ---
[pid: 14872|app: -1|req: -1/7] 113.206.182.155 () {44 vars in 708 bytes} [Thu Aug 30 09:07:48 2018] GET /favicon.ico => generated 21 bytes in 0 msecs (HTTP/1.1 500) 2 headers in 83 bytes (0 switches on core 0)
--- no python application found, check your startup logs for errors ---
[pid: 14872|app: -1|req: -1/8] 113.206.182.155 () {42 vars in 708 bytes} [Thu Aug 30 09:07:50 2018] GET / => generated 21 bytes in 0 msecs (HTTP/1.1 500) 2 headers in 83 bytes (0 switches on core 0)
--- no python application found, check your startup logs for errors ---
[pid: 14872|app: -1|req: -1/9] 113.206.182.155 () {44 vars in 708 bytes} [Thu Aug 30 09:07:51 2018] GET /favicon.ico => generated 21 bytes in 0 msecs (HTTP/1.1 500) 2 headers in 83 bytes (0 switches on core 0)
--- no python application found, check your startup logs for errors ---
[pid: 14872|app: -1|req: -1/10] 223.104.25.4 () {40 vars in 662 bytes} [Thu Aug 30 09:07:53 2018] GET / => generated 21 bytes in 0 msecs (HTTP/1.1 500) 2 headers in 83 bytes (0 switches on core 0)
--- no python application found, check your startup logs for errors ---
[pid: 14872|app: -1|req: -1/11] 113.206.182.155 () {42 vars in 708 bytes} [Thu Aug 30 09:08:10 2018] GET / => generated 21 bytes in 0 msecs (HTTP/1.1 500) 2 headers in 83 bytes (0 switches on core 0)
--- no python application found, check your startup logs for errors ---
[pid: 14872|app: -1|req: -1/12] 113.206.182.155 () {44 vars in 708 bytes} [Thu Aug 30 09:08:10 2018] GET /favicon.ico => generated 21 bytes in 0 msecs (HTTP/1.1 500) 2 headers in 83 bytes (0 switches on core 0)
--- no python application found, check your startup logs for errors ---
[pid: 14872|app: -1|req: -1/13] 113.206.182.155 () {42 vars in 708 bytes} [Thu Aug 30 09:08:12 2018] GET / => generated 21 bytes in 0 msecs (HTTP/1.1 500) 2 headers in 83 bytes (0 switches on core 1)
--- no python application found, check your startup logs for errors ---
[pid: 14872|app: -1|req: -1/14] 223.104.25.4 () {40 vars in 662 bytes} [Thu Aug 30 09:08:21 2018] GET / => generated 21 bytes in 0 msecs (HTTP/1.1 500) 2 headers in 83 bytes (0 switches on core 1)
--- no python application found, check your startup logs for errors ---
[pid: 14872|app: -1|req: -1/15] 113.206.182.155 () {42 vars in 708 bytes} [Thu Aug 30 09:08:26 2018] GET / => generated 21 bytes in 0 msecs (HTTP/1.1 500) 2 headers in 83 bytes (0 switches on core 1)
--- no python application found, check your startup logs for errors ---
[pid: 14872|app: -1|req: -1/16] 223.104.25.4 () {40 vars in 662 bytes} [Thu Aug 30 09:08:27 2018] GET / => generated 21 bytes in 0 msecs (HTTP/1.1 500) 2 headers in 83 bytes (0 switches on core 1)
--- no python application found, check your startup logs for errors ---
[pid: 14872|app: -1|req: -1/17] 113.206.182.155 () {44 vars in 708 bytes} [Thu Aug 30 09:08:31 2018] GET /favicon.ico => generated 21 bytes in 0 msecs (HTTP/1.1 500) 2 headers in 83 bytes (0 switches on core 1)
--- no python application found, check your startup logs for errors ---
[pid: 14872|app: -1|req: -1/18] 223.104.25.4 () {40 vars in 662 bytes} [Thu Aug 30 09:11:47 2018] GET / => generated 21 bytes in 0 msecs (HTTP/1.1 500) 2 headers in 83 bytes (0 switches on core 1)
--- no python application found, check your startup logs for errors ---
[pid: 14872|app: -1|req: -1/19] 223.104.25.4 () {40 vars in 662 bytes} [Thu Aug 30 09:11:49 2018] GET / => generated 21 bytes in 0 msecs (HTTP/1.1 500) 2 headers in 83 bytes (0 switches on core 1)
--- no python application found, check your startup logs for errors ---
[pid: 14872|app: -1|req: -1/20] 207.148.106.15 () {42 vars in 703 bytes} [Thu Aug 30 09:12:14 2018] GET / => generated 21 bytes in 0 msecs (HTTP/1.1 500) 2 headers in 83 bytes (0 switches on core 1)
--- no python application found, check your startup logs for errors ---
[pid: 14872|app: -1|req: -1/21] 207.148.106.15 () {44 vars in 703 bytes} [Thu Aug 30 09:12:14 2018] GET /favicon.ico => generated 21 bytes in 0 msecs (HTTP/1.1 500) 2 headers in 83 bytes (0 switches on core 1)
--- no python application found, check your startup logs for errors ---
[pid: 14872|app: -1|req: -1/22] 113.206.182.155 () {42 vars in 708 bytes} [Thu Aug 30 09:14:48 2018] GET / => generated 21 bytes in 0 msecs (HTTP/1.1 500) 2 headers in 83 bytes (0 switches on core 1)
--- no python application found, check your startup logs for errors ---
[pid: 14872|app: -1|req: -1/23] 113.206.182.155 () {40 vars in 655 bytes} [Thu Aug 30 09:14:49 2018] GET /favicon.ico => generated 21 bytes in 0 msecs (HTTP/1.1 500) 2 headers in 83 bytes (0 switches on core 1)
--- no python application found, check your startup logs for errors ---
[pid: 14872|app: -1|req: -1/24] 113.206.182.155 () {42 vars in 708 bytes} [Thu Aug 30 09:15:26 2018] GET / => generated 21 bytes in 0 msecs (HTTP/1.1 500) 2 headers in 83 bytes (0 switches on core 1)
--- no python application found, check your startup logs for errors ---
[pid: 14873|app: -1|req: -1/25] 113.206.182.155 () {40 vars in 655 bytes} [Thu Aug 30 09:15:26 2018] GET /favicon.ico => generated 21 bytes in 0 msecs (HTTP/1.1 500) 2 headers in 83 bytes (0 switches on core 0)
SIGINT/SIGQUIT received...killing workers...
worker 1 buried after 1 seconds
worker 2 buried after 1 seconds
worker 3 buried after 1 seconds
worker 4 buried after 1 seconds
goodbye to uWSGI.
*** Starting uWSGI 2.0.17.1 (64bit) on [Thu Aug 30 09:39:05 2018] ***
compiled with version: 5.4.0 20160609 on 30 August 2018 05:41:09
os: Linux-4.4.0-127-generic #153-Ubuntu SMP Sat May 19 10:58:46 UTC 2018
nodename: vultr.guest
machine: x86_64
clock source: unix
detected number of CPU cores: 1
current working directory: /root/MxOnline
writing pidfile to uwsgi.pid
detected binary path: /root/Envs/mxonline/bin/uwsgi
!!! no internal routing support, rebuild with pcre support !!!
uWSGI running as root, you can use --uid/--gid/--chroot options
*** WARNING: you are running uWSGI as root !!! (use the --uid flag) *** 
chdir() to /root/MxOnline
your processes number limit is 1793
your memory page size is 4096 bytes
detected max file descriptor number: 1024
lock engine: pthread robust mutexes
thunder lock: disabled (you can enable it with --thunder-lock)
uwsgi socket 0 bound to TCP address 127.0.0.1:8000 fd 3
uWSGI running as root, you can use --uid/--gid/--chroot options
*** WARNING: you are running uWSGI as root !!! (use the --uid flag) *** 
Python version: 3.5.2 (default, Nov 23 2017, 16:37:01)  [GCC 5.4.0 20160609]
Python main interpreter initialized at 0x1c788a0
uWSGI running as root, you can use --uid/--gid/--chroot options
*** WARNING: you are running uWSGI as root !!! (use the --uid flag) *** 
python threads support enabled
your server socket listen backlog is limited to 100 connections
your mercy for graceful operations on workers is 60 seconds
mapped 416880 bytes (407 KB) for 8 cores
*** Operational MODE: preforking+threaded ***
Traceback (most recent call last):
  File "MxOnline/wsgi.py", line 16, in <module>
    application = get_wsgi_application()
  File "/root/Envs/mxonline/lib/python3.5/site-packages/django/core/wsgi.py", line 13, in get_wsgi_application
    django.setup(set_prefix=False)
  File "/root/Envs/mxonline/lib/python3.5/site-packages/django/__init__.py", line 27, in setup
    apps.populate(settings.INSTALLED_APPS)
  File "/root/Envs/mxonline/lib/python3.5/site-packages/django/apps/registry.py", line 116, in populate
    app_config.ready()
  File "/root/MxOnline/extra_apps/xadmin/apps.py", line 14, in ready
    self.module.autodiscover()
  File "/root/MxOnline/extra_apps/xadmin/__init__.py", line 49, in autodiscover
    register_builtin_plugins(site)
  File "/root/MxOnline/extra_apps/xadmin/plugins/__init__.py", line 41, in register_builtin_plugins
    [import_module('xadmin.plugins.%s' % plugin) for plugin in PLUGINS if plugin not in exclude_plugins]
  File "/root/MxOnline/extra_apps/xadmin/plugins/__init__.py", line 41, in <listcomp>
    [import_module('xadmin.plugins.%s' % plugin) for plugin in PLUGINS if plugin not in exclude_plugins]
  File "/root/Envs/mxonline/lib/python3.5/importlib/__init__.py", line 126, in import_module
    return _bootstrap._gcd_import(name[level:], package, level)
  File "<frozen importlib._bootstrap>", line 986, in _gcd_import
  File "<frozen importlib._bootstrap>", line 969, in _find_and_load
  File "<frozen importlib._bootstrap>", line 958, in _find_and_load_unlocked
  File "<frozen importlib._bootstrap>", line 673, in _load_unlocked
  File "<frozen importlib._bootstrap_external>", line 665, in exec_module
  File "<frozen importlib._bootstrap>", line 222, in _call_with_frames_removed
  File "/root/MxOnline/extra_apps/xadmin/plugins/themes.py", line 21, in <module>
    class ThemePlugin(BaseAdminPlugin):
  File "/root/MxOnline/extra_apps/xadmin/plugins/themes.py", line 27, in ThemePlugin
    default_theme = static('xadmin/css/themes/bootstrap-xadmin.css')
  File "/root/Envs/mxonline/lib/python3.5/site-packages/django/contrib/staticfiles/templatetags/staticfiles.py", line 12, in static
    return _static(path)
  File "/root/Envs/mxonline/lib/python3.5/site-packages/django/templatetags/static.py", line 166, in static
    return StaticNode.handle_simple(path)
  File "/root/Envs/mxonline/lib/python3.5/site-packages/django/templatetags/static.py", line 117, in handle_simple
    return staticfiles_storage.url(path)
  File "/root/Envs/mxonline/lib/python3.5/site-packages/django/utils/functional.py", line 238, in inner
    self._setup()
  File "/root/Envs/mxonline/lib/python3.5/site-packages/django/contrib/staticfiles/storage.py", line 504, in _setup
    self._wrapped = get_storage_class(settings.STATICFILES_STORAGE)()
  File "/root/Envs/mxonline/lib/python3.5/site-packages/django/contrib/staticfiles/storage.py", line 39, in __init__
    check_settings(base_url)
  File "/root/Envs/mxonline/lib/python3.5/site-packages/django/contrib/staticfiles/utils.py", line 52, in check_settings
    "You're using the staticfiles app "
django.core.exceptions.ImproperlyConfigured: You're using the staticfiles app without having set the required STATIC_URL setting.
unable to load app 0 (mountpoint='') (callable not found or import error)
*** no app loaded. going in full dynamic mode ***
uWSGI running as root, you can use --uid/--gid/--chroot options
*** WARNING: you are running uWSGI as root !!! (use the --uid flag) *** 
*** uWSGI is running in multiple interpreter mode ***
spawned uWSGI master process (pid: 15260)
spawned uWSGI worker 1 (pid: 15262, cores: 2)
spawned uWSGI worker 2 (pid: 15263, cores: 2)
spawned uWSGI worker 3 (pid: 15264, cores: 2)
spawned uWSGI worker 4 (pid: 15265, cores: 2)
--- no python application found, check your startup logs for errors ---
[pid: 15262|app: -1|req: -1/1] 113.206.182.155 () {42 vars in 709 bytes} [Thu Aug 30 17:39:17 2018] GET / => generated 21 bytes in 0 msecs (HTTP/1.1 500) 2 headers in 83 bytes (0 switches on core 0)
--- no python application found, check your startup logs for errors ---
[pid: 15264|app: -1|req: -1/2] 113.206.182.155 () {44 vars in 709 bytes} [Thu Aug 30 17:39:18 2018] GET /favicon.ico => generated 21 bytes in 0 msecs (HTTP/1.1 500) 2 headers in 83 bytes (0 switches on core 0)
--- no python application found, check your startup logs for errors ---
[pid: 15265|app: -1|req: -1/3] 113.206.182.155 () {42 vars in 709 bytes} [Thu Aug 30 17:39:21 2018] GET / => generated 21 bytes in 0 msecs (HTTP/1.1 500) 2 headers in 83 bytes (0 switches on core 0)
--- no python application found, check your startup logs for errors ---
[pid: 15265|app: -1|req: -1/4] 113.206.182.155 () {40 vars in 656 bytes} [Thu Aug 30 17:39:21 2018] GET /favicon.ico => generated 21 bytes in 0 msecs (HTTP/1.1 500) 2 headers in 83 bytes (0 switches on core 1)
Thu Aug 30 17:43:36 2018 - uWSGI worker 1 screams: UAAAAAAH my master disconnected: i will kill myself !!!
Thu Aug 30 17:43:36 2018 - uWSGI worker 4 screams: UAAAAAAH my master disconnected: i will kill myself !!!
Thu Aug 30 17:43:36 2018 - uWSGI worker 3 screams: UAAAAAAH my master disconnected: i will kill myself !!!
Thu Aug 30 17:43:36 2018 - uWSGI worker 2 screams: UAAAAAAH my master disconnected: i will kill myself !!!
Thu Aug 30 17:43:36 2018 - uWSGI worker 1 screams: UAAAAAAH my master disconnected: i will kill myself !!!
Thu Aug 30 17:43:36 2018 - uWSGI worker 4 screams: UAAAAAAH my master disconnected: i will kill myself !!!
Thu Aug 30 17:43:36 2018 - uWSGI worker 3 screams: UAAAAAAH my master disconnected: i will kill myself !!!
Thu Aug 30 17:43:36 2018 - uWSGI worker 2 screams: UAAAAAAH my master disconnected: i will kill myself !!!
*** Starting uWSGI 2.0.17.1 (64bit) on [Thu Aug 30 09:44:38 2018] ***
compiled with version: 5.4.0 20160609 on 30 August 2018 05:41:09
os: Linux-4.4.0-127-generic #153-Ubuntu SMP Sat May 19 10:58:46 UTC 2018
nodename: vultr.guest
machine: x86_64
clock source: unix
detected number of CPU cores: 1
current working directory: /root/MxOnline
writing pidfile to uwsgi.pid
detected binary path: /root/Envs/mxonline/bin/uwsgi
!!! no internal routing support, rebuild with pcre support !!!
uWSGI running as root, you can use --uid/--gid/--chroot options
*** WARNING: you are running uWSGI as root !!! (use the --uid flag) *** 
chdir() to /root/MxOnline
your processes number limit is 1793
your memory page size is 4096 bytes
detected max file descriptor number: 1024
lock engine: pthread robust mutexes
thunder lock: disabled (you can enable it with --thunder-lock)
uWSGI http bound on 127.0.0.1:8000 fd 4
uwsgi socket 0 bound to TCP address 127.0.0.1:40195 (port auto-assigned) fd 3
uWSGI running as root, you can use --uid/--gid/--chroot options
*** WARNING: you are running uWSGI as root !!! (use the --uid flag) *** 
Python version: 3.5.2 (default, Nov 23 2017, 16:37:01)  [GCC 5.4.0 20160609]
Python main interpreter initialized at 0x130d990
uWSGI running as root, you can use --uid/--gid/--chroot options
*** WARNING: you are running uWSGI as root !!! (use the --uid flag) *** 
python threads support enabled
your server socket listen backlog is limited to 100 connections
your mercy for graceful operations on workers is 60 seconds
mapped 416880 bytes (407 KB) for 8 cores
*** Operational MODE: preforking+threaded ***
WSGI app 0 (mountpoint='') ready in 1 seconds on interpreter 0x130d990 pid: 15374 (default app)
uWSGI running as root, you can use --uid/--gid/--chroot options
*** WARNING: you are running uWSGI as root !!! (use the --uid flag) *** 
*** uWSGI is running in multiple interpreter mode ***
spawned uWSGI master process (pid: 15374)
spawned uWSGI worker 1 (pid: 15376, cores: 2)
spawned uWSGI worker 2 (pid: 15377, cores: 2)
spawned uWSGI worker 3 (pid: 15378, cores: 2)
spawned uWSGI worker 4 (pid: 15379, cores: 2)
spawned uWSGI http 1 (pid: 15382)
SIGINT/SIGQUIT received...killing workers...
gateway "uWSGI http 1" has been buried (pid: 15382)
worker 1 buried after 2 seconds
worker 2 buried after 2 seconds
worker 3 buried after 2 seconds
worker 4 buried after 2 seconds
goodbye to uWSGI.
*** Starting uWSGI 2.0.17.1 (64bit) on [Thu Aug 30 09:49:59 2018] ***
compiled with version: 5.4.0 20160609 on 30 August 2018 05:41:09
os: Linux-4.4.0-127-generic #153-Ubuntu SMP Sat May 19 10:58:46 UTC 2018
nodename: vultr.guest
machine: x86_64
clock source: unix
detected number of CPU cores: 1
current working directory: /root/MxOnline
writing pidfile to uwsgi.pid
detected binary path: /root/Envs/mxonline/bin/uwsgi
!!! no internal routing support, rebuild with pcre support !!!
uWSGI running as root, you can use --uid/--gid/--chroot options
*** WARNING: you are running uWSGI as root !!! (use the --uid flag) *** 
chdir() to /root/MxOnline
your processes number limit is 1793
your memory page size is 4096 bytes
detected max file descriptor number: 1024
lock engine: pthread robust mutexes
thunder lock: disabled (you can enable it with --thunder-lock)
uwsgi socket 0 bound to TCP address 127.0.0.1:8000 fd 3
uWSGI running as root, you can use --uid/--gid/--chroot options
*** WARNING: you are running uWSGI as root !!! (use the --uid flag) *** 
Python version: 3.5.2 (default, Nov 23 2017, 16:37:01)  [GCC 5.4.0 20160609]
Python main interpreter initialized at 0x22f48a0
uWSGI running as root, you can use --uid/--gid/--chroot options
*** WARNING: you are running uWSGI as root !!! (use the --uid flag) *** 
python threads support enabled
your server socket listen backlog is limited to 100 connections
your mercy for graceful operations on workers is 60 seconds
mapped 416880 bytes (407 KB) for 8 cores
*** Operational MODE: preforking+threaded ***
WSGI app 0 (mountpoint='') ready in 2 seconds on interpreter 0x22f48a0 pid: 15470 (default app)
uWSGI running as root, you can use --uid/--gid/--chroot options
*** WARNING: you are running uWSGI as root !!! (use the --uid flag) *** 
*** uWSGI is running in multiple interpreter mode ***
spawned uWSGI master process (pid: 15470)
spawned uWSGI worker 1 (pid: 15472, cores: 2)
spawned uWSGI worker 2 (pid: 15473, cores: 2)
spawned uWSGI worker 3 (pid: 15474, cores: 2)
spawned uWSGI worker 4 (pid: 15475, cores: 2)
[pid: 15473|app: 0|req: 1/1] 113.206.182.155 () {42 vars in 709 bytes} [Thu Aug 30 17:50:04 2018] GET / => generated 28091 bytes in 371 msecs (HTTP/1.1 200) 4 headers in 125 bytes (1 switches on core 0)
Not Found: /favicon.ico
[pid: 15473|app: 0|req: 2/2] 113.206.182.155 () {40 vars in 656 bytes} [Thu Aug 30 17:50:06 2018] GET /favicon.ico => generated 3573 bytes in 9 msecs (HTTP/1.1 404) 3 headers in 102 bytes (1 switches on core 1)
[pid: 15475|app: 0|req: 1/3] 125.84.179.78 () {40 vars in 666 bytes} [Thu Aug 30 17:51:21 2018] GET / => generated 28091 bytes in 325 msecs (HTTP/1.1 200) 4 headers in 125 bytes (1 switches on core 0)
Not Found: /favicon.ico
[pid: 15475|app: 0|req: 2/4] 125.84.179.78 () {40 vars in 644 bytes} [Thu Aug 30 17:51:24 2018] GET /favicon.ico => generated 3573 bytes in 10 msecs (HTTP/1.1 404) 3 headers in 102 bytes (1 switches on core 1)
[pid: 15475|app: 0|req: 3/5] 125.84.179.78 () {42 vars in 723 bytes} [Thu Aug 30 17:51:51 2018] GET / => generated 28091 bytes in 11 msecs (HTTP/1.1 200) 4 headers in 125 bytes (1 switches on core 0)
[pid: 15475|app: 0|req: 4/6] 101.89.239.232 () {36 vars in 613 bytes} [Thu Aug 30 17:52:21 2018] GET / => generated 28091 bytes in 9 msecs (HTTP/1.1 200) 4 headers in 125 bytes (1 switches on core 1)
Not Found: /org-detail-homepage.html
[pid: 15475|app: 0|req: 5/7] 125.84.179.78 () {42 vars in 751 bytes} [Thu Aug 30 17:56:54 2018] GET /org-detail-homepage.html => generated 3612 bytes in 12 msecs (HTTP/1.1 404) 3 headers in 102 bytes (1 switches on core 0)
Not Found: /org-detail-homepage.html
[pid: 15475|app: 0|req: 6/8] 61.151.207.205 () {38 vars in 633 bytes} [Thu Aug 30 17:57:54 2018] GET /org-detail-homepage.html => generated 3612 bytes in 9 msecs (HTTP/1.1 404) 3 headers in 102 bytes (1 switches on core 1)
[pid: 15475|app: 0|req: 7/9] 113.206.182.155 () {42 vars in 709 bytes} [Thu Aug 30 18:03:21 2018] GET / => generated 28091 bytes in 17 msecs (HTTP/1.1 200) 4 headers in 125 bytes (1 switches on core 0)
[pid: 15475|app: 0|req: 8/10] 113.206.182.155 () {42 vars in 709 bytes} [Thu Aug 30 18:03:23 2018] GET / => generated 28091 bytes in 8 msecs (HTTP/1.1 200) 4 headers in 125 bytes (1 switches on core 1)
[pid: 15475|app: 0|req: 9/11] 113.206.182.155 () {42 vars in 709 bytes} [Thu Aug 30 18:03:31 2018] GET / => generated 28091 bytes in 13 msecs (HTTP/1.1 200) 4 headers in 125 bytes (1 switches on core 0)
SIGINT/SIGQUIT received...killing workers...
worker 1 buried after 2 seconds
worker 2 buried after 2 seconds
worker 3 buried after 2 seconds
worker 4 buried after 2 seconds
goodbye to uWSGI.
*** Starting uWSGI 2.0.17.1 (64bit) on [Thu Aug 30 10:04:26 2018] ***
compiled with version: 5.4.0 20160609 on 30 August 2018 05:41:09
os: Linux-4.4.0-127-generic #153-Ubuntu SMP Sat May 19 10:58:46 UTC 2018
nodename: vultr.guest
machine: x86_64
clock source: unix
detected number of CPU cores: 1
current working directory: /root/MxOnline
writing pidfile to uwsgi.pid
detected binary path: /root/Envs/mxonline/bin/uwsgi
!!! no internal routing support, rebuild with pcre support !!!
uWSGI running as root, you can use --uid/--gid/--chroot options
*** WARNING: you are running uWSGI as root !!! (use the --uid flag) *** 
chdir() to /root/MxOnline
your processes number limit is 1793
your memory page size is 4096 bytes
detected max file descriptor number: 1024
lock engine: pthread robust mutexes
thunder lock: disabled (you can enable it with --thunder-lock)
uwsgi socket 0 bound to TCP address 127.0.0.1:8000 fd 3
uWSGI running as root, you can use --uid/--gid/--chroot options
*** WARNING: you are running uWSGI as root !!! (use the --uid flag) *** 
Python version: 3.5.2 (default, Nov 23 2017, 16:37:01)  [GCC 5.4.0 20160609]
Python main interpreter initialized at 0x21fe8a0
uWSGI running as root, you can use --uid/--gid/--chroot options
*** WARNING: you are running uWSGI as root !!! (use the --uid flag) *** 
python threads support enabled
your server socket listen backlog is limited to 100 connections
your mercy for graceful operations on workers is 60 seconds
mapped 416880 bytes (407 KB) for 8 cores
*** Operational MODE: preforking+threaded ***
WSGI app 0 (mountpoint='') ready in 1 seconds on interpreter 0x21fe8a0 pid: 15644 (default app)
uWSGI running as root, you can use --uid/--gid/--chroot options
*** WARNING: you are running uWSGI as root !!! (use the --uid flag) *** 
*** uWSGI is running in multiple interpreter mode ***
spawned uWSGI master process (pid: 15644)
spawned uWSGI worker 1 (pid: 15646, cores: 2)
spawned uWSGI worker 2 (pid: 15647, cores: 2)
spawned uWSGI worker 3 (pid: 15648, cores: 2)
spawned uWSGI worker 4 (pid: 15649, cores: 2)
[pid: 15648|app: 0|req: 1/1] 113.206.182.155 () {42 vars in 709 bytes} [Thu Aug 30 18:04:28 2018] GET / => generated 28091 bytes in 344 msecs (HTTP/1.1 200) 4 headers in 125 bytes (1 switches on core 0)
[pid: 15648|app: 0|req: 2/2] 113.206.182.155 () {42 vars in 709 bytes} [Thu Aug 30 18:10:16 2018] GET / => generated 28091 bytes in 16 msecs (HTTP/1.1 200) 4 headers in 125 bytes (1 switches on core 1)
SIGINT/SIGQUIT received...killing workers...
worker 1 buried after 2 seconds
worker 2 buried after 2 seconds
worker 3 buried after 2 seconds
worker 4 buried after 2 seconds
goodbye to uWSGI.
*** Starting uWSGI 2.0.17.1 (64bit) on [Thu Aug 30 10:16:31 2018] ***
compiled with version: 5.4.0 20160609 on 30 August 2018 05:41:09
os: Linux-4.4.0-127-generic #153-Ubuntu SMP Sat May 19 10:58:46 UTC 2018
nodename: vultr.guest
machine: x86_64
clock source: unix
detected number of CPU cores: 1
current working directory: /root/MxOnline
writing pidfile to uwsgi.pid
detected binary path: /root/Envs/mxonline/bin/uwsgi
!!! no internal routing support, rebuild with pcre support !!!
uWSGI running as root, you can use --uid/--gid/--chroot options
*** WARNING: you are running uWSGI as root !!! (use the --uid flag) *** 
chdir() to /root/MxOnline
your processes number limit is 1793
your memory page size is 4096 bytes
detected max file descriptor number: 1024
lock engine: pthread robust mutexes
thunder lock: disabled (you can enable it with --thunder-lock)
uwsgi socket 0 bound to TCP address 127.0.0.1:8000 fd 3
uWSGI running as root, you can use --uid/--gid/--chroot options
*** WARNING: you are running uWSGI as root !!! (use the --uid flag) *** 
Python version: 3.5.2 (default, Nov 23 2017, 16:37:01)  [GCC 5.4.0 20160609]
Python main interpreter initialized at 0xec78a0
uWSGI running as root, you can use --uid/--gid/--chroot options
*** WARNING: you are running uWSGI as root !!! (use the --uid flag) *** 
python threads support enabled
your server socket listen backlog is limited to 100 connections
your mercy for graceful operations on workers is 60 seconds
mapped 416880 bytes (407 KB) for 8 cores
*** Operational MODE: preforking+threaded ***
WSGI app 0 (mountpoint='') ready in 1 seconds on interpreter 0xec78a0 pid: 15718 (default app)
uWSGI running as root, you can use --uid/--gid/--chroot options
*** WARNING: you are running uWSGI as root !!! (use the --uid flag) *** 
spawned uWSGI master process (pid: 15718)
spawned uWSGI worker 1 (pid: 15720, cores: 2)
spawned uWSGI worker 2 (pid: 15721, cores: 2)
spawned uWSGI worker 3 (pid: 15722, cores: 2)
spawned uWSGI worker 4 (pid: 15723, cores: 2)
[pid: 15720|app: 0|req: 1/1] 113.206.182.155 () {42 vars in 709 bytes} [Thu Aug 30 18:16:41 2018] GET / => generated 28091 bytes in 373 msecs (HTTP/1.1 200) 4 headers in 125 bytes (1 switches on core 0)
[pid: 15720|app: 0|req: 2/2] 113.206.182.155 () {42 vars in 708 bytes} [Thu Aug 30 18:25:19 2018] GET / => generated 28091 bytes in 11 msecs (HTTP/1.1 200) 4 headers in 125 bytes (1 switches on core 1)
[pid: 15723|app: 0|req: 1/3] 113.206.182.155 () {42 vars in 708 bytes} [Thu Aug 30 18:25:28 2018] GET / => generated 28091 bytes in 290 msecs (HTTP/1.1 200) 4 headers in 125 bytes (1 switches on core 0)
[pid: 15723|app: 0|req: 2/4] 113.206.182.155 () {42 vars in 732 bytes} [Thu Aug 30 18:27:30 2018] GET /register/ => generated 9492 bytes in 113 msecs (HTTP/1.1 200) 5 headers in 278 bytes (1 switches on core 1)
[pid: 15723|app: 0|req: 3/5] 113.206.182.155 () {42 vars in 841 bytes} [Thu Aug 30 18:27:31 2018] GET /captcha/image/8ffff2051bb37679f2da9d223c36c0806b8c9ac9/ => generated 4627 bytes in 32 msecs (HTTP/1.1 200) 3 headers in 95 bytes (2 switches on core 0)
[pid: 15723|app: 0|req: 4/6] 113.206.182.155 () {42 vars in 766 bytes} [Thu Aug 30 18:27:36 2018] GET / => generated 28091 bytes in 5 msecs (HTTP/1.1 200) 4 headers in 125 bytes (1 switches on core 1)
[pid: 15721|app: 0|req: 1/7] 113.206.182.155 () {44 vars in 837 bytes} [Thu Aug 30 18:27:38 2018] GET /org/teacher/list/ => generated 10192 bytes in 333 msecs (HTTP/1.1 200) 4 headers in 125 bytes (1 switches on core 0)
[pid: 15721|app: 0|req: 2/8] 113.206.182.155 () {44 vars in 844 bytes} [Thu Aug 30 18:27:40 2018] GET /course/list/ => generated 13462 bytes in 27 msecs (HTTP/1.1 200) 4 headers in 125 bytes (1 switches on core 1)
[pid: 15723|app: 0|req: 5/9] 113.206.182.155 () {44 vars in 833 bytes} [Thu Aug 30 18:27:42 2018] GET /org/list/ => generated 15539 bytes in 29 msecs (HTTP/1.1 200) 5 headers in 279 bytes (1 switches on core 0)
[pid: 15723|app: 0|req: 6/10] 113.206.182.155 () {44 vars in 850 bytes} [Thu Aug 30 18:29:22 2018] GET /org/list/index.html => generated 93 bytes in 10 msecs (HTTP/1.1 404) 3 headers in 100 bytes (1 switches on core 1)
[pid: 15723|app: 0|req: 7/11] 113.206.182.155 () {44 vars in 812 bytes} [Thu Aug 30 18:29:26 2018] GET / => generated 28091 bytes in 6 msecs (HTTP/1.1 200) 4 headers in 125 bytes (1 switches on core 0)
[pid: 15723|app: 0|req: 8/12] 113.206.182.155 () {44 vars in 839 bytes} [Thu Aug 30 18:29:32 2018] GET /course-detail.html => generated 92 bytes in 4 msecs (HTTP/1.1 404) 3 headers in 100 bytes (1 switches on core 1)
[pid: 15723|app: 0|req: 9/13] 113.206.182.155 () {46 vars in 843 bytes} [Thu Aug 30 18:29:57 2018] GET / => generated 28091 bytes in 10 msecs (HTTP/1.1 200) 4 headers in 125 bytes (1 switches on core 0)
[pid: 15723|app: 0|req: 10/14] 113.206.182.155 () {44 vars in 827 bytes} [Thu Aug 30 18:30:03 2018] GET /course/list/ => generated 13462 bytes in 26 msecs (HTTP/1.1 200) 4 headers in 125 bytes (1 switches on core 1)
[pid: 15723|app: 0|req: 11/15] 113.206.182.155 () {44 vars in 847 bytes} [Thu Aug 30 18:30:05 2018] GET /course/detail/3/ => generated 12840 bytes in 30 msecs (HTTP/1.1 200) 5 headers in 279 bytes (1 switches on core 0)
[pid: 15723|app: 0|req: 12/16] 223.104.25.4 () {40 vars in 662 bytes} [Thu Aug 30 18:30:17 2018] GET / => generated 28091 bytes in 4 msecs (HTTP/1.1 200) 4 headers in 125 bytes (1 switches on core 1)
[pid: 15723|app: 0|req: 13/17] 113.206.182.155 () {42 vars in 778 bytes} [Thu Aug 30 18:37:29 2018] GET /xadmin => generated 0 bytes in 4 msecs (HTTP/1.1 301) 3 headers in 113 bytes (1 switches on core 0)
[pid: 15723|app: 0|req: 14/18] 113.206.182.155 () {42 vars in 780 bytes} [Thu Aug 30 18:37:29 2018] GET /xadmin/ => generated 4398 bytes in 448 msecs (HTTP/1.1 200) 7 headers in 381 bytes (1 switches on core 1)
[pid: 15723|app: 0|req: 15/19] 113.206.182.155 () {42 vars in 721 bytes} [Thu Aug 30 18:37:30 2018] GET /xadmin/jsi18n/ => generated 4405 bytes in 8 msecs (HTTP/1.1 200) 7 headers in 381 bytes (1 switches on core 0)
[pid: 15723|app: 0|req: 16/20] 113.206.182.155 () {52 vars in 1007 bytes} [Thu Aug 30 18:37:35 2018] POST /xadmin/ => generated 4635 bytes in 68 msecs (HTTP/1.1 200) 7 headers in 381 bytes (1 switches on core 1)
[pid: 15723|app: 0|req: 17/21] 113.206.182.155 () {42 vars in 721 bytes} [Thu Aug 30 18:37:35 2018] GET /xadmin/jsi18n/ => generated 4405 bytes in 8 msecs (HTTP/1.1 200) 7 headers in 381 bytes (1 switches on core 0)
[pid: 15723|app: 0|req: 18/22] 179.111.124.241 () {32 vars in 457 bytes} [Thu Aug 30 18:39:10 2018] GET / => generated 28091 bytes in 11 msecs (HTTP/1.1 200) 4 headers in 125 bytes (1 switches on core 1)
[pid: 15723|app: 0|req: 19/23] 34.204.116.74 () {34 vars in 385 bytes} [Thu Aug 30 19:02:11 2018] GET / => generated 28091 bytes in 15 msecs (HTTP/1.1 200) 4 headers in 125 bytes (1 switches on core 0)
[pid: 15720|app: 0|req: 3/24] 113.206.182.155 () {42 vars in 767 bytes} [Thu Aug 30 19:49:18 2018] GET / => generated 28091 bytes in 29 msecs (HTTP/1.1 200) 4 headers in 125 bytes (1 switches on core 0)
[pid: 15723|app: 0|req: 20/25] 113.206.182.155 () {44 vars in 828 bytes} [Thu Aug 30 19:49:23 2018] GET /course/list/ => generated 13462 bytes in 435 msecs (HTTP/1.1 200) 4 headers in 125 bytes (1 switches on core 1)
[pid: 15720|app: 0|req: 4/26] 113.206.182.155 () {44 vars in 850 bytes} [Thu Aug 30 19:49:24 2018] GET /org/teacher/list/ => generated 10192 bytes in 1026 msecs (HTTP/1.1 200) 4 headers in 125 bytes (1 switches on core 1)
[pid: 15723|app: 0|req: 21/27] 113.206.182.155 () {44 vars in 820 bytes} [Thu Aug 30 19:57:31 2018] GET / => generated 28091 bytes in 11 msecs (HTTP/1.1 200) 4 headers in 125 bytes (1 switches on core 0)
[pid: 15721|app: 0|req: 3/28] 186.219.249.82 () {32 vars in 457 bytes} [Thu Aug 30 21:41:59 2018] GET / => generated 28091 bytes in 45 msecs (HTTP/1.1 200) 4 headers in 125 bytes (1 switches on core 0)
[pid: 15723|app: 0|req: 22/29] 201.69.226.224 () {32 vars in 457 bytes} [Thu Aug 30 21:43:35 2018] GET / => generated 28091 bytes in 18 msecs (HTTP/1.1 200) 4 headers in 125 bytes (1 switches on core 1)
[pid: 15721|app: 0|req: 4/30] 77.79.200.136 () {32 vars in 455 bytes} [Thu Aug 30 22:04:01 2018] GET / => generated 28091 bytes in 10 msecs (HTTP/1.1 200) 4 headers in 125 bytes (1 switches on core 1)
[pid: 15723|app: 0|req: 23/31] 119.86.44.54 () {40 vars in 677 bytes} [Thu Aug 30 22:32:00 2018] GET / => generated 28091 bytes in 13 msecs (HTTP/1.1 200) 4 headers in 125 bytes (1 switches on core 0)
[pid: 15723|app: 0|req: 24/32] 119.86.44.54 () {40 vars in 673 bytes} [Thu Aug 30 22:32:00 2018] GET /favicon.ico => generated 85 bytes in 4 msecs (HTTP/1.1 404) 3 headers in 100 bytes (1 switches on core 1)
[pid: 15723|app: 0|req: 25/33] 119.86.44.54 () {42 vars in 748 bytes} [Thu Aug 30 22:32:14 2018] GET /org/teacher/list/ => generated 10192 bytes in 94 msecs (HTTP/1.1 200) 4 headers in 125 bytes (1 switches on core 0)
[pid: 15723|app: 0|req: 26/34] 119.86.44.54 () {42 vars in 773 bytes} [Thu Aug 30 22:32:17 2018] GET /org/teacher/detail/1/ => generated 27 bytes in 116 msecs (HTTP/1.1 500) 4 headers in 126 bytes (1 switches on core 1)
[pid: 15723|app: 0|req: 27/35] 119.86.44.54 () {42 vars in 755 bytes} [Thu Aug 30 22:32:20 2018] GET /course/list/ => generated 13462 bytes in 17 msecs (HTTP/1.1 200) 4 headers in 125 bytes (1 switches on core 0)
[pid: 15723|app: 0|req: 28/36] 119.86.44.54 () {42 vars in 758 bytes} [Thu Aug 30 22:32:21 2018] GET /course/detail/4/ => generated 12531 bytes in 27 msecs (HTTP/1.1 200) 5 headers in 279 bytes (1 switches on core 1)
[pid: 15723|app: 0|req: 29/37] 119.86.44.54 () {52 vars in 1034 bytes} [Thu Aug 30 22:32:22 2018] POST /org/add_fav/ => generated 59 bytes in 3 msecs (HTTP/1.1 200) 4 headers in 114 bytes (1 switches on core 0)
[pid: 15721|app: 0|req: 5/38] 119.86.44.54 () {44 vars in 831 bytes} [Thu Aug 30 22:32:24 2018] GET /login/ => generated 5020 bytes in 17 msecs (HTTP/1.1 200) 5 headers in 278 bytes (1 switches on core 0)
[pid: 15723|app: 0|req: 30/39] 119.86.44.54 () {44 vars in 847 bytes} [Thu Aug 30 22:32:41 2018] GET /login/register.html => generated 93 bytes in 4 msecs (HTTP/1.1 404) 3 headers in 100 bytes (1 switches on core 1)
[pid: 15721|app: 0|req: 6/40] 119.86.44.54 () {44 vars in 841 bytes} [Thu Aug 30 22:32:44 2018] GET /login/login.html => generated 90 bytes in 14 msecs (HTTP/1.1 404) 3 headers in 100 bytes (1 switches on core 1)
[pid: 15723|app: 0|req: 31/41] 119.86.44.54 () {44 vars in 847 bytes} [Thu Aug 30 22:32:46 2018] GET /login/register.html => generated 93 bytes in 2 msecs (HTTP/1.1 404) 3 headers in 100 bytes (1 switches on core 0)
[pid: 15720|app: 0|req: 5/42] 119.86.44.54 () {44 vars in 847 bytes} [Thu Aug 30 22:32:52 2018] GET /login/register.html => generated 93 bytes in 15 msecs (HTTP/1.1 404) 3 headers in 100 bytes (1 switches on core 0)
[pid: 15723|app: 0|req: 32/43] 119.86.44.54 () {44 vars in 809 bytes} [Thu Aug 30 22:32:55 2018] GET / => generated 28091 bytes in 10 msecs (HTTP/1.1 200) 4 headers in 125 bytes (1 switches on core 1)
[pid: 15720|app: 0|req: 6/44] 119.86.44.54 () {44 vars in 821 bytes} [Thu Aug 30 22:32:57 2018] GET /register/ => generated 9492 bytes in 50 msecs (HTTP/1.1 200) 5 headers in 278 bytes (1 switches on core 1)
[pid: 15723|app: 0|req: 33/45] 119.86.44.54 () {42 vars in 841 bytes} [Thu Aug 30 22:32:57 2018] GET /captcha/image/6a6760cfb91c833fe7b0e353520bdd828c3fdefc/ => generated 4657 bytes in 34 msecs (HTTP/1.1 200) 3 headers in 95 bytes (2 switches on core 0)
[pid: 15723|app: 0|req: 34/46] 101.89.239.232 () {38 vars in 611 bytes} [Thu Aug 30 22:33:15 2018] GET /org/teacher/list => generated 0 bytes in 2 msecs (HTTP/1.1 301) 3 headers in 123 bytes (1 switches on core 1)
[pid: 15721|app: 0|req: 7/47] 61.151.207.141 () {38 vars in 620 bytes} [Thu Aug 30 22:33:18 2018] GET /org/teacher/detail/1 => generated 0 bytes in 5 msecs (HTTP/1.1 301) 3 headers in 127 bytes (1 switches on core 0)
[pid: 15723|app: 0|req: 35/48] 61.151.178.177 () {40 vars in 681 bytes} [Thu Aug 30 22:33:20 2018] GET /org/teacher/detail/1 => generated 0 bytes in 1 msecs (HTTP/1.1 301) 3 headers in 127 bytes (1 switches on core 1)
[pid: 15720|app: 0|req: 7/49] 101.89.19.197 () {38 vars in 600 bytes} [Thu Aug 30 22:33:20 2018] GET /course/list => generated 0 bytes in 2 msecs (HTTP/1.1 301) 3 headers in 118 bytes (1 switches on core 0)
[pid: 15721|app: 0|req: 8/50] 180.97.118.223 () {40 vars in 673 bytes} [Thu Aug 30 22:33:20 2018] GET /org/teacher/list => generated 0 bytes in 1 msecs (HTTP/1.1 301) 3 headers in 123 bytes (1 switches on core 1)
[pid: 15720|app: 0|req: 8/51] 180.97.118.223 () {40 vars in 675 bytes} [Thu Aug 30 22:33:20 2018] GET /org/teacher/list/ => generated 10192 bytes in 16 msecs (HTTP/1.1 200) 4 headers in 125 bytes (1 switches on core 1)
[pid: 15723|app: 0|req: 36/52] 101.89.29.86 () {38 vars in 651 bytes} [Thu Aug 30 22:33:21 2018] GET /course/detail/4 => generated 0 bytes in 1 msecs (HTTP/1.1 301) 3 headers in 122 bytes (1 switches on core 1)
[pid: 15723|app: 0|req: 37/53] 119.86.44.54 () {52 vars in 1007 bytes} [Thu Aug 30 22:33:24 2018] POST /register/ => generated 9525 bytes in 31 msecs (HTTP/1.1 200) 5 headers in 278 bytes (1 switches on core 1)
[pid: 15721|app: 0|req: 9/54] 61.129.6.81 () {40 vars in 668 bytes} [Thu Aug 30 22:33:24 2018] GET /course/detail/4 => generated 0 bytes in 1 msecs (HTTP/1.1 301) 3 headers in 122 bytes (1 switches on core 1)
[pid: 15720|app: 0|req: 9/55] 61.129.6.151 () {38 vars in 588 bytes} [Thu Aug 30 22:33:24 2018] GET /login => generated 0 bytes in 0 msecs (HTTP/1.1 301) 3 headers in 112 bytes (1 switches on core 0)
[pid: 15723|app: 0|req: 38/56] 61.129.6.81 () {40 vars in 670 bytes} [Thu Aug 30 22:33:24 2018] GET /course/detail/4/ => generated 12531 bytes in 18 msecs (HTTP/1.1 200) 5 headers in 279 bytes (1 switches on core 0)
[pid: 15723|app: 0|req: 39/57] 119.86.44.54 () {42 vars in 841 bytes} [Thu Aug 30 22:33:24 2018] GET /captcha/image/b6a687e4857184555b56e4fbe7d869a26adc257b/ => generated 4720 bytes in 12 msecs (HTTP/1.1 200) 3 headers in 95 bytes (2 switches on core 1)
[pid: 15721|app: 0|req: 10/58] 101.89.239.120 () {40 vars in 663 bytes} [Thu Aug 30 22:33:25 2018] GET /course/list => generated 0 bytes in 0 msecs (HTTP/1.1 301) 3 headers in 118 bytes (1 switches on core 1)
[pid: 15721|app: 0|req: 11/59] 61.151.178.166 () {40 vars in 655 bytes} [Thu Aug 30 22:33:25 2018] GET /login => generated 0 bytes in 0 msecs (HTTP/1.1 301) 3 headers in 112 bytes (1 switches on core 1)
[pid: 15723|app: 0|req: 40/60] 61.151.178.166 () {40 vars in 657 bytes} [Thu Aug 30 22:33:25 2018] GET /login/ => generated 5020 bytes in 6 msecs (HTTP/1.1 200) 5 headers in 278 bytes (1 switches on core 0)
[pid: 15721|app: 0|req: 12/61] 101.89.239.120 () {40 vars in 665 bytes} [Thu Aug 30 22:33:25 2018] GET /course/list/ => generated 13462 bytes in 31 msecs (HTTP/1.1 200) 4 headers in 125 bytes (1 switches on core 1)
[pid: 15723|app: 0|req: 41/62] 61.151.178.177 () {40 vars in 683 bytes} [Thu Aug 30 22:33:26 2018] GET /org/teacher/detail/1/ => generated 27 bytes in 36 msecs (HTTP/1.1 500) 4 headers in 126 bytes (1 switches on core 1)
[pid: 15723|app: 0|req: 42/63] 119.86.44.54 () {44 vars in 850 bytes} [Thu Aug 30 22:33:29 2018] GET /register/login.html => generated 93 bytes in 2 msecs (HTTP/1.1 404) 3 headers in 100 bytes (1 switches on core 0)
[pid: 15723|app: 0|req: 43/64] 119.86.44.54 () {44 vars in 821 bytes} [Thu Aug 30 22:33:32 2018] GET /register/ => generated 9492 bytes in 8 msecs (HTTP/1.1 200) 5 headers in 278 bytes (1 switches on core 0)
[pid: 15723|app: 0|req: 44/65] 119.86.44.54 () {42 vars in 841 bytes} [Thu Aug 30 22:33:32 2018] GET /captcha/image/84dfb492464094d22293797063a726eeeb3b1572/ => generated 4675 bytes in 16 msecs (HTTP/1.1 200) 3 headers in 95 bytes (2 switches on core 1)
[pid: 15723|app: 0|req: 45/66] 119.86.44.54 () {44 vars in 850 bytes} [Thu Aug 30 22:33:34 2018] GET /register/index.html => generated 93 bytes in 5 msecs (HTTP/1.1 404) 3 headers in 100 bytes (1 switches on core 0)
[pid: 15721|app: 0|req: 13/67] 119.86.44.54 () {44 vars in 850 bytes} [Thu Aug 30 22:33:37 2018] GET /register/index.html => generated 93 bytes in 4 msecs (HTTP/1.1 404) 3 headers in 100 bytes (1 switches on core 0)
[pid: 15723|app: 0|req: 46/68] 119.86.44.54 () {44 vars in 815 bytes} [Thu Aug 30 22:33:41 2018] GET /login/ => generated 5020 bytes in 3 msecs (HTTP/1.1 200) 5 headers in 278 bytes (1 switches on core 1)
[pid: 15721|app: 0|req: 14/69] 101.91.60.108 () {38 vars in 610 bytes} [Thu Aug 30 22:33:44 2018] GET /login/login.html => generated 90 bytes in 1 msecs (HTTP/1.1 404) 3 headers in 100 bytes (1 switches on core 1)
[pid: 15722|app: 0|req: 1/70] 119.86.44.54 () {52 vars in 998 bytes} [Thu Aug 30 22:33:50 2018] POST /login/ => generated 5045 bytes in 464 msecs (HTTP/1.1 200) 5 headers in 278 bytes (1 switches on core 0)
[pid: 15721|app: 0|req: 15/71] 223.166.222.110 () {38 vars in 596 bytes} [Thu Aug 30 22:33:57 2018] GET /register => generated 0 bytes in 1 msecs (HTTP/1.1 301) 3 headers in 115 bytes (1 switches on core 1)
[pid: 15722|app: 0|req: 2/72] 101.91.60.107 () {40 vars in 659 bytes} [Thu Aug 30 22:33:59 2018] GET /register => generated 0 bytes in 3 msecs (HTTP/1.1 301) 3 headers in 115 bytes (1 switches on core 1)
[pid: 15723|app: 0|req: 47/73] 101.91.60.107 () {40 vars in 661 bytes} [Thu Aug 30 22:33:59 2018] GET /register/ => generated 9492 bytes in 20 msecs (HTTP/1.1 200) 5 headers in 278 bytes (1 switches on core 0)
[pid: 15723|app: 0|req: 48/74] 101.91.60.107 () {42 vars in 812 bytes} [Thu Aug 30 22:34:01 2018] GET /captcha/image/152e112f607d23eb75081fbb206c1c5e278d04c9/ => generated 4243 bytes in 15 msecs (HTTP/1.1 200) 3 headers in 95 bytes (2 switches on core 1)
[pid: 15721|app: 0|req: 16/75] 119.86.44.54 () {52 vars in 998 bytes} [Thu Aug 30 22:34:01 2018] POST /login/ => generated 5045 bytes in 61 msecs (HTTP/1.1 200) 5 headers in 278 bytes (1 switches on core 1)
[pid: 15723|app: 0|req: 49/76] 119.86.44.54 () {44 vars in 823 bytes} [Thu Aug 30 22:34:06 2018] GET /forget/ => generated 5296 bytes in 14 msecs (HTTP/1.1 200) 5 headers in 278 bytes (1 switches on core 0)
[pid: 15723|app: 0|req: 50/77] 119.86.44.54 () {42 vars in 839 bytes} [Thu Aug 30 22:34:07 2018] GET /captcha/image/a3b026eca87caa332c6cb222901f1340a5893e03/ => generated 3939 bytes in 11 msecs (HTTP/1.1 200) 3 headers in 95 bytes (2 switches on core 1)
[pid: 15723|app: 0|req: 51/78] 119.86.44.54 () {44 vars in 812 bytes} [Thu Aug 30 22:34:15 2018] GET /captcha/refresh/?0.3290704870762018 => generated 143 bytes in 4 msecs (HTTP/1.1 200) 3 headers in 101 bytes (1 switches on core 0)
[pid: 15721|app: 0|req: 17/79] 119.86.44.54 () {42 vars in 839 bytes} [Thu Aug 30 22:34:15 2018] GET /captcha/image/3328b95f8ed6fbb5d12572861a67dde0e59f79ae/ => generated 4498 bytes in 20 msecs (HTTP/1.1 200) 3 headers in 95 bytes (2 switches on core 0)
[pid: 15723|app: 0|req: 52/80] 119.86.44.54 () {44 vars in 812 bytes} [Thu Aug 30 22:34:16 2018] GET /captcha/refresh/?0.4434866172077976 => generated 143 bytes in 6 msecs (HTTP/1.1 200) 3 headers in 101 bytes (1 switches on core 1)
[pid: 15721|app: 0|req: 18/81] 119.86.44.54 () {42 vars in 839 bytes} [Thu Aug 30 22:34:16 2018] GET /captcha/image/4442a4e7b4a5a20f62dd5bd5fa3f1da8f7ffe8b2/ => generated 4274 bytes in 13 msecs (HTTP/1.1 200) 3 headers in 95 bytes (2 switches on core 1)
[pid: 15723|app: 0|req: 53/82] 119.86.44.54 () {52 vars in 1001 bytes} [Thu Aug 30 22:34:21 2018] POST /forget/ => generated 5367 bytes in 14 msecs (HTTP/1.1 200) 5 headers in 278 bytes (1 switches on core 0)
[pid: 15723|app: 0|req: 54/83] 119.86.44.54 () {42 vars in 839 bytes} [Thu Aug 30 22:34:21 2018] GET /captcha/image/2491d271ba7a42e274c9dab8bf119e32fc5b3d0c/ => generated 4401 bytes in 16 msecs (HTTP/1.1 200) 3 headers in 95 bytes (2 switches on core 1)
[pid: 15723|app: 0|req: 56/84] 61.151.207.141 () {38 vars in 697 bytes} [Thu Aug 30 22:34:29 2018] GET /register/login.html => generated 93 bytes in 3 msecs (HTTP/1.1 404) 3 headers in 100 bytes (1 switches on core 1)
[pid: 15723|app: 0|req: 56/85] 119.86.44.54 () {52 vars in 1001 bytes} [Thu Aug 30 22:34:28 2018] POST /forget/ => generated 150 bytes in 3849 msecs (HTTP/1.1 200) 3 headers in 109 bytes (1 switches on core 0)
[pid: 15723|app: 0|req: 57/86] 61.151.178.163 () {38 vars in 591 bytes} [Thu Aug 30 22:35:06 2018] GET /forget => generated 0 bytes in 2 msecs (HTTP/1.1 301) 3 headers in 113 bytes (1 switches on core 1)
[pid: 15721|app: 0|req: 19/87] 61.151.207.186 () {40 vars in 653 bytes} [Thu Aug 30 22:35:07 2018] GET /forget => generated 0 bytes in 4 msecs (HTTP/1.1 301) 3 headers in 113 bytes (1 switches on core 0)
[pid: 15721|app: 0|req: 20/88] 61.151.207.186 () {40 vars in 655 bytes} [Thu Aug 30 22:35:07 2018] GET /forget/ => generated 5296 bytes in 29 msecs (HTTP/1.1 200) 5 headers in 278 bytes (1 switches on core 1)
[pid: 15723|app: 0|req: 58/89] 61.151.207.186 () {42 vars in 808 bytes} [Thu Aug 30 22:35:08 2018] GET /captcha/image/732a6b832b7ae2b651db14743ba879219600051d/ => generated 4786 bytes in 19 msecs (HTTP/1.1 200) 3 headers in 95 bytes (2 switches on core 1)
[pid: 15723|app: 0|req: 59/90] 45.4.252.3 () {32 vars in 452 bytes} [Thu Aug 30 22:49:34 2018] GET / => generated 28091 bytes in 11 msecs (HTTP/1.1 200) 4 headers in 125 bytes (1 switches on core 0)
[pid: 15723|app: 0|req: 60/91] 101.199.110.109 () {40 vars in 686 bytes} [Thu Aug 30 22:52:38 2018] GET /org/teacher/detail/1/ => generated 27 bytes in 49 msecs (HTTP/1.1 500) 4 headers in 126 bytes (1 switches on core 1)
[pid: 15723|app: 0|req: 61/92] 180.163.220.68 () {38 vars in 622 bytes} [Thu Aug 30 22:53:08 2018] GET / => generated 28091 bytes in 5 msecs (HTTP/1.1 200) 4 headers in 125 bytes (1 switches on core 0)
[pid: 15723|app: 0|req: 62/93] 47.75.240.159 () {42 vars in 720 bytes} [Thu Aug 30 22:53:11 2018] GET /org/teacher/detail/1/ => generated 27 bytes in 38 msecs (HTTP/1.1 500) 4 headers in 126 bytes (1 switches on core 1)
[pid: 15723|app: 0|req: 63/94] 123.1.154.216 () {42 vars in 710 bytes} [Thu Aug 30 22:53:23 2018] GET /login/login.html => generated 90 bytes in 2 msecs (HTTP/1.1 404) 3 headers in 100 bytes (1 switches on core 0)
[pid: 15723|app: 0|req: 64/95] 180.163.220.43 () {38 vars in 599 bytes} [Thu Aug 30 22:54:02 2018] GET / => generated 28091 bytes in 5 msecs (HTTP/1.1 200) 4 headers in 125 bytes (1 switches on core 1)
[pid: 15723|app: 0|req: 65/96] 101.199.112.49 () {40 vars in 655 bytes} [Thu Aug 30 22:54:49 2018] GET /login/ => generated 5020 bytes in 5 msecs (HTTP/1.1 200) 5 headers in 278 bytes (1 switches on core 0)
[pid: 15723|app: 0|req: 66/97] 220.181.132.197 () {40 vars in 658 bytes} [Thu Aug 30 22:55:00 2018] GET /forget/ => generated 5296 bytes in 15 msecs (HTTP/1.1 200) 5 headers in 278 bytes (1 switches on core 1)
[pid: 15720|app: 0|req: 10/98] 101.199.112.50 () {40 vars in 643 bytes} [Thu Aug 30 22:56:56 2018] GET / => generated 28091 bytes in 12 msecs (HTTP/1.1 200) 4 headers in 125 bytes (1 switches on core 0)
[pid: 15720|app: 0|req: 11/99] 220.181.132.195 () {40 vars in 668 bytes} [Thu Aug 30 22:58:35 2018] GET /course/list/ => generated 13462 bytes in 40 msecs (HTTP/1.1 200) 4 headers in 125 bytes (1 switches on core 1)
[pid: 15723|app: 0|req: 67/100] 101.199.108.118 () {40 vars in 662 bytes} [Thu Aug 30 22:59:43 2018] GET /register/ => generated 9492 bytes in 21 msecs (HTTP/1.1 200) 5 headers in 278 bytes (1 switches on core 0)
[pid: 15723|app: 0|req: 68/101] 220.181.132.200 () {40 vars in 682 bytes} [Thu Aug 30 23:01:31 2018] GET /register/index.html => generated 93 bytes in 7 msecs (HTTP/1.1 404) 3 headers in 100 bytes (1 switches on core 1)
[pid: 15723|app: 0|req: 69/102] 101.199.112.51 () {40 vars in 681 bytes} [Thu Aug 30 23:01:38 2018] GET /register/login.html => generated 93 bytes in 3 msecs (HTTP/1.1 404) 3 headers in 100 bytes (1 switches on core 0)
[pid: 15721|app: 0|req: 21/103] 113.10.156.74 () {42 vars in 716 bytes} [Thu Aug 30 23:02:00 2018] GET /register/index.html => generated 93 bytes in 9 msecs (HTTP/1.1 404) 3 headers in 100 bytes (1 switches on core 0)
[pid: 15723|app: 0|req: 70/104] 171.13.14.146 () {44 vars in 747 bytes} [Thu Aug 30 23:02:29 2018] GET /register/index.html => generated 93 bytes in 4 msecs (HTTP/1.1 404) 3 headers in 100 bytes (1 switches on core 1)
[pid: 15721|app: 0|req: 22/105] 119.86.44.54 () {40 vars in 683 bytes} [Thu Aug 30 23:04:11 2018] GET / => generated 28091 bytes in 11 msecs (HTTP/1.1 200) 4 headers in 125 bytes (1 switches on core 1)
[pid: 15723|app: 0|req: 71/106] 119.86.44.54 () {40 vars in 663 bytes} [Thu Aug 30 23:04:16 2018] GET /favicon.ico => generated 85 bytes in 7 msecs (HTTP/1.1 404) 3 headers in 100 bytes (1 switches on core 0)
[pid: 15723|app: 0|req: 72/107] 223.104.25.4 () {38 vars in 637 bytes} [Thu Aug 30 23:04:46 2018] GET / => generated 28091 bytes in 9 msecs (HTTP/1.1 200) 4 headers in 125 bytes (1 switches on core 1)
[pid: 15723|app: 0|req: 73/108] 189.68.19.243 () {32 vars in 458 bytes} [Thu Aug 30 23:17:42 2018] GET / => generated 28091 bytes in 14 msecs (HTTP/1.1 200) 4 headers in 125 bytes (1 switches on core 0)
[pid: 15723|app: 0|req: 74/109] 180.250.54.146 () {32 vars in 458 bytes} [Thu Aug 30 23:32:57 2018] GET / => generated 28091 bytes in 12 msecs (HTTP/1.1 200) 4 headers in 125 bytes (1 switches on core 1)
[pid: 15723|app: 0|req: 75/110] 221.231.138.5 () {34 vars in 426 bytes} [Fri Aug 31 00:13:48 2018] GET / => generated 28091 bytes in 12 msecs (HTTP/1.1 200) 4 headers in 125 bytes (1 switches on core 0)
[pid: 15723|app: 0|req: 76/111] 213.142.146.154 () {28 vars in 303 bytes} [Fri Aug 31 00:59:40 2018] HEAD / => generated 28091 bytes in 14 msecs (HTTP/1.1 200) 4 headers in 125 bytes (1 switches on core 1)
[pid: 15723|app: 0|req: 77/112] 115.159.211.124 () {40 vars in 605 bytes} [Fri Aug 31 01:53:14 2018] GET /phpmyadmin/ => generated 85 bytes in 9 msecs (HTTP/1.1 404) 3 headers in 100 bytes (1 switches on core 0)
[pid: 15723|app: 0|req: 78/113] 189.79.0.186 () {32 vars in 463 bytes} [Fri Aug 31 01:55:15 2018] GET / => generated 28091 bytes in 9 msecs (HTTP/1.1 200) 4 headers in 125 bytes (1 switches on core 1)
[pid: 15723|app: 0|req: 79/114] 101.199.108.118 () {40 vars in 680 bytes} [Fri Aug 31 02:19:15 2018] GET /org/teacher/list/ => generated 10192 bytes in 26 msecs (HTTP/1.1 200) 4 headers in 125 bytes (1 switches on core 0)
[pid: 15723|app: 0|req: 80/115] 115.159.211.124 () {40 vars in 605 bytes} [Fri Aug 31 03:09:59 2018] GET /phpmyadmin/ => generated 85 bytes in 9 msecs (HTTP/1.1 404) 3 headers in 100 bytes (1 switches on core 1)
[pid: 15723|app: 0|req: 81/116] 89.191.156.46 () {32 vars in 457 bytes} [Fri Aug 31 03:31:38 2018] GET / => generated 28091 bytes in 15 msecs (HTTP/1.1 200) 4 headers in 125 bytes (1 switches on core 0)
[pid: 15723|app: 0|req: 82/117] 195.60.142.223 () {32 vars in 458 bytes} [Fri Aug 31 03:46:07 2018] GET / => generated 28091 bytes in 10 msecs (HTTP/1.1 200) 4 headers in 125 bytes (1 switches on core 1)
[pid: 15723|app: 0|req: 83/118] 52.53.201.78 () {34 vars in 488 bytes} [Fri Aug 31 04:05:08 2018] GET / => generated 28091 bytes in 10 msecs (HTTP/1.1 200) 4 headers in 125 bytes (1 switches on core 0)
[pid: 15723|app: 0|req: 84/119] 182.253.254.129 () {32 vars in 458 bytes} [Fri Aug 31 05:14:01 2018] GET / => generated 28091 bytes in 13 msecs (HTTP/1.1 200) 4 headers in 125 bytes (1 switches on core 1)
[pid: 15723|app: 0|req: 85/120] 82.224.2.87 () {28 vars in 308 bytes} [Fri Aug 31 05:29:27 2018] GET / => generated 28091 bytes in 10 msecs (HTTP/1.0 200) 4 headers in 125 bytes (1 switches on core 0)
[pid: 15723|app: 0|req: 86/121] 122.228.10.51 () {34 vars in 452 bytes} [Fri Aug 31 05:50:57 2018] GET / => generated 28091 bytes in 10 msecs (HTTP/1.1 200) 4 headers in 125 bytes (1 switches on core 1)
[pid: 15723|app: 0|req: 87/122] 178.134.108.152 () {32 vars in 460 bytes} [Fri Aug 31 07:28:34 2018] GET / => generated 28091 bytes in 14 msecs (HTTP/1.1 200) 4 headers in 125 bytes (1 switches on core 0)
[pid: 15723|app: 0|req: 88/123] 93.179.68.150 () {32 vars in 411 bytes} [Fri Aug 31 08:49:54 2018] GET /phpmyadmin/scripts/setup.php => generated 102 bytes in 13 msecs (HTTP/1.1 404) 3 headers in 101 bytes (1 switches on core 1)
[pid: 15723|app: 0|req: 89/124] 73.159.57.168 () {32 vars in 457 bytes} [Fri Aug 31 09:54:20 2018] GET / => generated 28091 bytes in 14 msecs (HTTP/1.1 200) 4 headers in 125 bytes (1 switches on core 0)
[pid: 15723|app: 0|req: 90/125] 14.116.137.166 () {46 vars in 1393 bytes} [Fri Aug 31 10:08:43 2018] GET /?nsukey=RQJWRkLb1qNdoug6gre28cn9x3Y2BPYh0HuH9rWB8YfgIPJDvUB8egJVFU9T2FQ26kQmoPb18wQqxtJzealvcrPopFFc2FmYnZiDftGM1ZHuucYd6fEZ8oRLAObexK269LuAjLXx460552FVo2HwejIdeFHDP0BI2BhIiKRI62MtOkd36buAC2B2U2FmxTFdvmV2HK3ZPq8NtZBOm1NH1xx2tVm2FA3D3D => generated 28091 bytes in 12 msecs (HTTP/1.1 200) 4 headers in 125 bytes (1 switches on core 1)
[pid: 15723|app: 0|req: 91/126] 183.3.255.28 () {46 vars in 1391 bytes} [Fri Aug 31 10:08:51 2018] GET /?nsukey=RQJWRkLb1qNdoug6gre28cn9x3Y2BPYh0HuH9rWB8YfgIPJDvUB8egJVFU9T2FQ26kQmoPb18wQqxtJzealvcrPopFFc2FmYnZiDftGM1ZHuucYd6fEZ8oRLAObexK269LuAjLXx460552FVo2HwejIdeFHDP0BI2BhIiKRI62MtOkd36buAC2B2U2FmxTFdvmV2HK3ZPq8NtZBOm1NH1xx2tVm2FA3D3D => generated 28091 bytes in 7 msecs (HTTP/1.1 200) 4 headers in 125 bytes (1 switches on core 0)
[pid: 15723|app: 0|req: 92/127] 112.60.1.73 () {42 vars in 713 bytes} [Fri Aug 31 10:08:51 2018] GET / => generated 28091 bytes in 6 msecs (HTTP/1.1 200) 4 headers in 125 bytes (1 switches on core 1)
[pid: 15721|app: 0|req: 23/128] 58.250.143.191 () {42 vars in 716 bytes} [Fri Aug 31 10:08:51 2018] GET / => generated 28091 bytes in 13 msecs (HTTP/1.1 200) 4 headers in 125 bytes (1 switches on core 0)
[pid: 15721|app: 0|req: 24/129] 223.104.249.255 () {38 vars in 640 bytes} [Fri Aug 31 10:08:59 2018] GET / => generated 28091 bytes in 11 msecs (HTTP/1.1 200) 4 headers in 125 bytes (1 switches on core 1)
[pid: 15723|app: 0|req: 93/130] 223.104.249.255 () {40 vars in 713 bytes} [Fri Aug 31 10:09:12 2018] GET /org/teacher/list/ => generated 10192 bytes in 50 msecs (HTTP/1.1 200) 4 headers in 125 bytes (1 switches on core 0)
[pid: 15723|app: 0|req: 94/131] 223.104.249.255 () {40 vars in 738 bytes} [Fri Aug 31 10:09:14 2018] GET /org/teacher/detail/1/ => generated 27 bytes in 69 msecs (HTTP/1.1 500) 4 headers in 126 bytes (1 switches on core 1)
[pid: 15723|app: 0|req: 95/132] 223.104.249.255 () {40 vars in 747 bytes} [Fri Aug 31 10:09:17 2018] GET /org/teacher/list/?sort=hot => generated 10231 bytes in 11 msecs (HTTP/1.1 200) 4 headers in 125 bytes (1 switches on core 0)
[pid: 15723|app: 0|req: 96/133] 223.104.249.255 () {40 vars in 729 bytes} [Fri Aug 31 10:09:19 2018] GET /course/list/ => generated 13462 bytes in 20 msecs (HTTP/1.1 200) 4 headers in 125 bytes (1 switches on core 1)
[pid: 15723|app: 0|req: 97/134] 223.104.249.255 () {40 vars in 723 bytes} [Fri Aug 31 10:09:21 2018] GET /course/detail/4/ => generated 12531 bytes in 22 msecs (HTTP/1.1 200) 5 headers in 279 bytes (1 switches on core 0)
[pid: 15723|app: 0|req: 98/135] 223.104.249.255 () {42 vars in 812 bytes} [Fri Aug 31 10:09:27 2018] GET /course/info/4/ => generated 0 bytes in 4 msecs (HTTP/1.1 302) 5 headers in 164 bytes (1 switches on core 1)
[pid: 15721|app: 0|req: 25/136] 223.104.249.255 () {42 vars in 837 bytes} [Fri Aug 31 10:09:28 2018] GET /login/?next=/course/info/4/ => generated 5020 bytes in 6 msecs (HTTP/1.1 200) 5 headers in 278 bytes (1 switches on core 0)
[pid: 15721|app: 0|req: 26/137] 61.129.6.159 () {36 vars in 629 bytes} [Fri Aug 31 10:09:40 2018] GET / => generated 28091 bytes in 8 msecs (HTTP/1.1 200) 4 headers in 125 bytes (1 switches on core 1)
[pid: 15723|app: 0|req: 99/138] 61.129.6.159 () {36 vars in 1054 bytes} [Fri Aug 31 10:09:43 2018] GET /?nsukey=RQJWRkLb1qNdoug6gre28cn9x3Y%2BPYh0HuH9rWB8YfgIPJDvUB8egJVFU9T%2FQ26kQmoPb18wQqxtJzealvcrPopFFc%2FmYnZiDftGM1ZHuucYd6fEZ8oRLAObexK269LuAjLXx46055%2FVo2HwejIdeFHDP0BI%2BhIiKRI62MtOkd36buAC%2B2U%2FmxTFdvmV2HK3ZPq8NtZBOm1NH1xx2tVm%2FA%3D%3D => generated 28091 bytes in 8 msecs (HTTP/1.1 200) 4 headers in 125 bytes (1 switches on core 0)
[pid: 15723|app: 0|req: 100/139] 61.129.6.251 () {36 vars in 1142 bytes} [Fri Aug 31 10:09:43 2018] GET /?nsukey=RQJWRkLb1qNdoug6gre28cn9x3Y%2BPYh0HuH9rWB8YfgIPJDvUB8egJVFU9T%2FQ26kQmoPb18wQqxtJzealvcrPopFFc%2FmYnZiDftGM1ZHuucYd6fEZ8oRLAObexK269LuAjLXx46055%2FVo2HwejIdeFHDP0BI%2BhIiKRI62MtOkd36buAC%2B2U%2FmxTFdvmV2HK3ZPq8NtZBOm1NH1xx2tVm%2FA%3D%3D => generated 28091 bytes in 5 msecs (HTTP/1.1 200) 4 headers in 125 bytes (1 switches on core 1)
[pid: 15721|app: 0|req: 27/140] 61.129.8.179 () {40 vars in 647 bytes} [Fri Aug 31 10:10:03 2018] GET / => generated 28091 bytes in 7 msecs (HTTP/1.1 200) 4 headers in 125 bytes (1 switches on core 0)
[pid: 15721|app: 0|req: 28/141] 223.104.249.255 () {42 vars in 833 bytes} [Fri Aug 31 10:16:00 2018] GET /login/register.html => generated 93 bytes in 10 msecs (HTTP/1.1 404) 3 headers in 100 bytes (1 switches on core 1)
[pid: 15723|app: 0|req: 101/142] 223.104.249.255 () {42 vars in 833 bytes} [Fri Aug 31 10:16:05 2018] GET /login/register.html => generated 93 bytes in 8 msecs (HTTP/1.1 404) 3 headers in 100 bytes (1 switches on core 0)
[pid: 15720|app: 0|req: 12/143] 223.104.249.255 () {42 vars in 836 bytes} [Fri Aug 31 10:17:21 2018] GET /org/teacher/list/?sort=hot => generated 10231 bytes in 31 msecs (HTTP/1.1 200) 4 headers in 125 bytes (1 switches on core 0)
[pid: 15723|app: 0|req: 102/144] 223.104.249.255 () {42 vars in 802 bytes} [Fri Aug 31 10:17:21 2018] GET /org/teacher/list/ => generated 10192 bytes in 21 msecs (HTTP/1.1 200) 4 headers in 125 bytes (1 switches on core 1)
[pid: 15720|app: 0|req: 13/145] 223.104.249.255 () {40 vars in 729 bytes} [Fri Aug 31 10:17:22 2018] GET / => generated 28091 bytes in 4 msecs (HTTP/1.1 200) 4 headers in 125 bytes (1 switches on core 1)
[pid: 15723|app: 0|req: 103/146] 223.104.249.255 () {42 vars in 832 bytes} [Fri Aug 31 10:17:28 2018] GET /org/teacher/list/?page=2 => generated 10205 bytes in 11 msecs (HTTP/1.1 200) 4 headers in 125 bytes (1 switches on core 0)
[pid: 15723|app: 0|req: 104/147] 223.104.249.255 () {42 vars in 834 bytes} [Fri Aug 31 10:17:32 2018] GET /org/teacher/detail/2/ => generated 27 bytes in 37 msecs (HTTP/1.1 500) 4 headers in 126 bytes (1 switches on core 1)
[pid: 15723|app: 0|req: 105/148] 223.104.249.255 () {42 vars in 843 bytes} [Fri Aug 31 10:17:34 2018] GET /org/teacher/list/?sort=hot => generated 10231 bytes in 11 msecs (HTTP/1.1 200) 4 headers in 125 bytes (1 switches on core 0)
[pid: 15723|app: 0|req: 106/149] 223.104.249.255 () {42 vars in 818 bytes} [Fri Aug 31 10:17:36 2018] GET /course/list/ => generated 13462 bytes in 15 msecs (HTTP/1.1 200) 4 headers in 125 bytes (1 switches on core 1)
[pid: 15723|app: 0|req: 107/150] 61.14.228.162 () {32 vars in 458 bytes} [Fri Aug 31 10:17:41 2018] GET / => generated 28091 bytes in 4 msecs (HTTP/1.1 200) 4 headers in 125 bytes (1 switches on core 0)
[pid: 15721|app: 0|req: 29/151] 223.104.249.255 () {42 vars in 812 bytes} [Fri Aug 31 10:17:45 2018] GET /course/detail/3/ => generated 12840 bytes in 54 msecs (HTTP/1.1 200) 5 headers in 279 bytes (1 switches on core 0)
[pid: 15723|app: 0|req: 108/152] 223.104.249.255 () {50 vars in 1018 bytes} [Fri Aug 31 10:17:50 2018] POST /org/add_fav/ => generated 59 bytes in 8 msecs (HTTP/1.1 200) 4 headers in 114 bytes (1 switches on core 1)
[pid: 15721|app: 0|req: 30/153] 223.104.249.255 () {42 vars in 796 bytes} [Fri Aug 31 10:17:52 2018] GET /login/ => generated 5020 bytes in 8 msecs (HTTP/1.1 200) 5 headers in 278 bytes (1 switches on core 1)
[pid: 15723|app: 0|req: 109/154] 223.104.249.255 () {42 vars in 812 bytes} [Fri Aug 31 10:18:01 2018] GET /login/register.html => generated 93 bytes in 5 msecs (HTTP/1.1 404) 3 headers in 100 bytes (1 switches on core 0)
[pid: 15723|app: 0|req: 110/155] 196.52.43.117 () {30 vars in 371 bytes} [Fri Aug 31 10:36:30 2018] GET / => generated 28091 bytes in 11 msecs (HTTP/1.0 200) 4 headers in 125 bytes (1 switches on core 1)
